nohup: cvlc: No such file or directory
nohup: cvlc: No such file or directory
nohup: cvlc: No such file or directory
nohup: cvlc: No such file or directory
nohup: cvlc: No such file or directory
nohup: cvlc: No such file or directory
nohup: cvlc: No such file or directory
nohup: cvlc: No such file or directory
nohup: cvlc: No such file or directory
nohup: cvlc: No such file or directory
nohup: cvlc: No such file or directory
nohup: cvlc: No such file or directory
nohup: cvlc: No such file or directory
nohup: cvlc: No such file or directory
nohup: cvlc: No such file or directory
nohup: cvlc: No such file or directory
nohup: cvlc: No such file or directory
nohup: cvlc: No such file or directory
nohup: cvlc: No such file or directory
nohup: cvlc: No such file or directory
nohup: nohup: cvlc: No such file or directory
cvlc: No such file or directory
nohup: cvlc: No such file or directory
nohup: cvlc: No such file or directory
nohup: cvlc: No such file or directory
nohup: cvlc: No such file or directory
nohup: cvlc: No such file or directory
nohup: cvlc: No such file or directory
nohup: cvlc: No such file or directory
nohup: cvlc: No such file or directory
nohup: cvlc: No such file or directory
nohup: cvlc: No such file or directory
nohup: cvlc: No such file or directory
nohup: cvlc: No such file or directory
nohup: nohup: cvlccvlc: : No such file or directory
No such file or directory
nohup: cvlc: No such file or directory
nohup: cvlc: No such file or directory
nohup: cvlc: No such file or directory
nohup: cvlc: No such file or directory
nohup: cvlc: No such file or directory
nohup: cvlc: No such file or directory
nohup: cvlc: No such file or directory
nohup: cvlc: No such file or directory
nohup: cvlc: No such file or directory
nohup: cvlc: No such file or directory
nohup: cvlc: No such file or directory
nohup: cvlc: No such file or directory
nohup: cvlc: No such file or directory
nohup: cvlc: No such file or directory
nohup: cvlc: No such file or directory
nohup: cvlc: No such file or directory
nohup: cvlc: No such file or directory
nohup: cvlc: No such file or directory
nohup: cvlc: No such file or directory
nohup: cvlc: No such file or directory
nohup: cvlc: No such file or directory
nohup: cvlc: No such file or directory
nohup: cvlc: No such file or directory
nohup: cvlc: No such file or directory
nohup: cvlc: No such file or directory
nohup: cvlc: No such file or directory
nohup: cvlc: No such file or directory
nohup: cvlc: No such file or directory
nohup: cvlc: No such file or directory
nohup: cvlc: No such file or directory
nohup: cvlc: No such file or directory
nohup: cvlc: No such file or directory
